2015-03-03 06:37:09,071 [8] DEBUG EventReminder.Program [(null)] - Debug Hi
2015-03-03 06:37:09,102 [8] INFO  EventReminder.Program [(null)] - Info logging
2015-03-03 06:38:17,510 [9] DEBUG EventReminder.Program [(null)] - Debug Hi
2015-03-03 06:38:17,541 [9] INFO  EventReminder.Program [(null)] - Info logging
2015-03-03 10:14:31,522 [8] DEBUG EventReminder.Program [(null)] - Debug Hi
2015-03-03 10:14:31,561 [8] INFO  EventReminder.Program [(null)] - Info logging
2015-03-03 10:14:40,948 [8] ERROR EventReminder.Models.Event [(null)] - System.Data.SqlClient.SqlException (0x80131904): Incorrect syntax near '.'.
   at System.Data.SqlClient.SqlConnection.OnError(SqlException exception, Boolean breakConnection, Action`1 wrapCloseInAction)
   at System.Data.SqlClient.SqlInternalConnection.OnError(SqlException exception, Boolean breakConnection, Action`1 wrapCloseInAction)
   at System.Data.SqlClient.TdsParser.ThrowExceptionAndWarning(TdsParserStateObject stateObj, Boolean callerHasConnectionLock, Boolean asyncClose)
   at System.Data.SqlClient.TdsParser.TryRun(RunBehavior runBehavior, SqlCommand cmdHandler, SqlDataReader dataStream, BulkCopySimpleResultSet bulkCopyHandler, TdsParserStateObject stateObj, Boolean& dataReady)
   at System.Data.SqlClient.SqlDataReader.TryConsumeMetaData()
   at System.Data.SqlClient.SqlDataReader.get_MetaData()
   at System.Data.SqlClient.SqlCommand.FinishExecuteReader(SqlDataReader ds, RunBehavior runBehavior, String resetOptionsString)
   at System.Data.SqlClient.SqlCommand.RunExecuteReaderTds(CommandBehavior cmdBehavior, RunBehavior runBehavior, Boolean returnStream, Boolean async, Int32 timeout, Task& task, Boolean asyncWrite, SqlDataReader ds)
   at System.Data.SqlClient.SqlCommand.RunExecuteReader(CommandBehavior cmdBehavior, RunBehavior runBehavior, Boolean returnStream, String method, TaskCompletionSource`1 completion, Int32 timeout, Task& task, Boolean asyncWrite)
   at System.Data.SqlClient.SqlCommand.RunExecuteReader(CommandBehavior cmdBehavior, RunBehavior runBehavior, Boolean returnStream, String method)
   at System.Data.SqlClient.SqlCommand.ExecuteReader(CommandBehavior behavior, String method)
   at System.Data.SqlClient.SqlCommand.ExecuteReader()
   at EventReminder.Models.Event.EventsReadyForReminder(String connStr) in c:\projects\crossroads\EventReminder\EventReminder\Models\Event.cs:line 31
ClientConnectionId:3ad3dc50-cc5b-4150-9754-6f1ff2dfe485
2015-03-03 10:17:17,514 [9] DEBUG EventReminder.Program [(null)] - Debug Hi
2015-03-03 10:17:17,545 [9] INFO  EventReminder.Program [(null)] - Info logging
2015-03-03 10:17:19,583 [9] ERROR EventReminder.Models.Event [(null)] - System.Data.SqlClient.SqlException (0x80131904): Incorrect syntax near '.'.
   at System.Data.SqlClient.SqlConnection.OnError(SqlException exception, Boolean breakConnection, Action`1 wrapCloseInAction)
   at System.Data.SqlClient.SqlInternalConnection.OnError(SqlException exception, Boolean breakConnection, Action`1 wrapCloseInAction)
   at System.Data.SqlClient.TdsParser.ThrowExceptionAndWarning(TdsParserStateObject stateObj, Boolean callerHasConnectionLock, Boolean asyncClose)
   at System.Data.SqlClient.TdsParser.TryRun(RunBehavior runBehavior, SqlCommand cmdHandler, SqlDataReader dataStream, BulkCopySimpleResultSet bulkCopyHandler, TdsParserStateObject stateObj, Boolean& dataReady)
   at System.Data.SqlClient.SqlDataReader.TryConsumeMetaData()
   at System.Data.SqlClient.SqlDataReader.get_MetaData()
   at System.Data.SqlClient.SqlCommand.FinishExecuteReader(SqlDataReader ds, RunBehavior runBehavior, String resetOptionsString)
   at System.Data.SqlClient.SqlCommand.RunExecuteReaderTds(CommandBehavior cmdBehavior, RunBehavior runBehavior, Boolean returnStream, Boolean async, Int32 timeout, Task& task, Boolean asyncWrite, SqlDataReader ds)
   at System.Data.SqlClient.SqlCommand.RunExecuteReader(CommandBehavior cmdBehavior, RunBehavior runBehavior, Boolean returnStream, String method, TaskCompletionSource`1 completion, Int32 timeout, Task& task, Boolean asyncWrite)
   at System.Data.SqlClient.SqlCommand.RunExecuteReader(CommandBehavior cmdBehavior, RunBehavior runBehavior, Boolean returnStream, String method)
   at System.Data.SqlClient.SqlCommand.ExecuteReader(CommandBehavior behavior, String method)
   at System.Data.SqlClient.SqlCommand.ExecuteReader()
   at EventReminder.Models.Event.EventsReadyForReminder(String connStr) in c:\projects\crossroads\EventReminder\EventReminder\Models\Event.cs:line 31
ClientConnectionId:d21e9126-d733-4b8f-8d3d-56650ac6eacb
2015-03-03 10:18:10,300 [7] DEBUG EventReminder.Program [(null)] - Debug Hi
2015-03-03 10:18:10,315 [7] INFO  EventReminder.Program [(null)] - Info logging
2015-03-03 10:18:12,572 [7] ERROR EventReminder.Models.Event [(null)] - System.Data.SqlClient.SqlException (0x80131904): Incorrect syntax near '.'.
   at System.Data.SqlClient.SqlConnection.OnError(SqlException exception, Boolean breakConnection, Action`1 wrapCloseInAction)
   at System.Data.SqlClient.SqlInternalConnection.OnError(SqlException exception, Boolean breakConnection, Action`1 wrapCloseInAction)
   at System.Data.SqlClient.TdsParser.ThrowExceptionAndWarning(TdsParserStateObject stateObj, Boolean callerHasConnectionLock, Boolean asyncClose)
   at System.Data.SqlClient.TdsParser.TryRun(RunBehavior runBehavior, SqlCommand cmdHandler, SqlDataReader dataStream, BulkCopySimpleResultSet bulkCopyHandler, TdsParserStateObject stateObj, Boolean& dataReady)
   at System.Data.SqlClient.SqlDataReader.TryConsumeMetaData()
   at System.Data.SqlClient.SqlDataReader.get_MetaData()
   at System.Data.SqlClient.SqlCommand.FinishExecuteReader(SqlDataReader ds, RunBehavior runBehavior, String resetOptionsString)
   at System.Data.SqlClient.SqlCommand.RunExecuteReaderTds(CommandBehavior cmdBehavior, RunBehavior runBehavior, Boolean returnStream, Boolean async, Int32 timeout, Task& task, Boolean asyncWrite, SqlDataReader ds)
   at System.Data.SqlClient.SqlCommand.RunExecuteReader(CommandBehavior cmdBehavior, RunBehavior runBehavior, Boolean returnStream, String method, TaskCompletionSource`1 completion, Int32 timeout, Task& task, Boolean asyncWrite)
   at System.Data.SqlClient.SqlCommand.RunExecuteReader(CommandBehavior cmdBehavior, RunBehavior runBehavior, Boolean returnStream, String method)
   at System.Data.SqlClient.SqlCommand.ExecuteReader(CommandBehavior behavior, String method)
   at System.Data.SqlClient.SqlCommand.ExecuteReader()
   at EventReminder.Models.Event.EventsReadyForReminder(String connStr) in c:\projects\crossroads\EventReminder\EventReminder\Models\Event.cs:line 31
ClientConnectionId:b50c9cc7-efd0-484d-bb5d-36850211d249
2015-03-03 10:18:43,807 [9] DEBUG EventReminder.Program [(null)] - Debug Hi
2015-03-03 10:18:43,823 [9] INFO  EventReminder.Program [(null)] - Info logging
2015-03-03 10:19:03,320 [9] ERROR EventReminder.Models.Event [(null)] - System.Data.SqlClient.SqlException (0x80131904): Incorrect syntax near '.'.
   at System.Data.SqlClient.SqlConnection.OnError(SqlException exception, Boolean breakConnection, Action`1 wrapCloseInAction)
   at System.Data.SqlClient.SqlInternalConnection.OnError(SqlException exception, Boolean breakConnection, Action`1 wrapCloseInAction)
   at System.Data.SqlClient.TdsParser.ThrowExceptionAndWarning(TdsParserStateObject stateObj, Boolean callerHasConnectionLock, Boolean asyncClose)
   at System.Data.SqlClient.TdsParser.TryRun(RunBehavior runBehavior, SqlCommand cmdHandler, SqlDataReader dataStream, BulkCopySimpleResultSet bulkCopyHandler, TdsParserStateObject stateObj, Boolean& dataReady)
   at System.Data.SqlClient.SqlDataReader.TryConsumeMetaData()
   at System.Data.SqlClient.SqlDataReader.get_MetaData()
   at System.Data.SqlClient.SqlCommand.FinishExecuteReader(SqlDataReader ds, RunBehavior runBehavior, String resetOptionsString)
   at System.Data.SqlClient.SqlCommand.RunExecuteReaderTds(CommandBehavior cmdBehavior, RunBehavior runBehavior, Boolean returnStream, Boolean async, Int32 timeout, Task& task, Boolean asyncWrite, SqlDataReader ds)
   at System.Data.SqlClient.SqlCommand.RunExecuteReader(CommandBehavior cmdBehavior, RunBehavior runBehavior, Boolean returnStream, String method, TaskCompletionSource`1 completion, Int32 timeout, Task& task, Boolean asyncWrite)
   at System.Data.SqlClient.SqlCommand.RunExecuteReader(CommandBehavior cmdBehavior, RunBehavior runBehavior, Boolean returnStream, String method)
   at System.Data.SqlClient.SqlCommand.ExecuteReader(CommandBehavior behavior, String method)
   at System.Data.SqlClient.SqlCommand.ExecuteReader()
   at EventReminder.Models.Event.EventsReadyForReminder(String connStr) in c:\projects\crossroads\EventReminder\EventReminder\Models\Event.cs:line 31
ClientConnectionId:947302d7-ff7e-4345-bc3b-2122661444f4
2015-03-03 10:20:11,062 [8] DEBUG EventReminder.Program [(null)] - Debug Hi
2015-03-03 10:20:11,077 [8] INFO  EventReminder.Program [(null)] - Info logging
2015-03-03 10:20:18,992 [8] ERROR EventReminder.Models.Event [(null)] - System.Data.SqlClient.SqlException (0x80131904): Incorrect syntax near '.'.
   at System.Data.SqlClient.SqlConnection.OnError(SqlException exception, Boolean breakConnection, Action`1 wrapCloseInAction)
   at System.Data.SqlClient.SqlInternalConnection.OnError(SqlException exception, Boolean breakConnection, Action`1 wrapCloseInAction)
   at System.Data.SqlClient.TdsParser.ThrowExceptionAndWarning(TdsParserStateObject stateObj, Boolean callerHasConnectionLock, Boolean asyncClose)
   at System.Data.SqlClient.TdsParser.TryRun(RunBehavior runBehavior, SqlCommand cmdHandler, SqlDataReader dataStream, BulkCopySimpleResultSet bulkCopyHandler, TdsParserStateObject stateObj, Boolean& dataReady)
   at System.Data.SqlClient.SqlDataReader.TryConsumeMetaData()
   at System.Data.SqlClient.SqlDataReader.get_MetaData()
   at System.Data.SqlClient.SqlCommand.FinishExecuteReader(SqlDataReader ds, RunBehavior runBehavior, String resetOptionsString)
   at System.Data.SqlClient.SqlCommand.RunExecuteReaderTds(CommandBehavior cmdBehavior, RunBehavior runBehavior, Boolean returnStream, Boolean async, Int32 timeout, Task& task, Boolean asyncWrite, SqlDataReader ds)
   at System.Data.SqlClient.SqlCommand.RunExecuteReader(CommandBehavior cmdBehavior, RunBehavior runBehavior, Boolean returnStream, String method, TaskCompletionSource`1 completion, Int32 timeout, Task& task, Boolean asyncWrite)
   at System.Data.SqlClient.SqlCommand.RunExecuteReader(CommandBehavior cmdBehavior, RunBehavior runBehavior, Boolean returnStream, String method)
   at System.Data.SqlClient.SqlCommand.ExecuteReader(CommandBehavior behavior, String method)
   at System.Data.SqlClient.SqlCommand.ExecuteReader()
   at EventReminder.Models.Event.EventsReadyForReminder(String connStr) in c:\projects\crossroads\EventReminder\EventReminder\Models\Event.cs:line 31
ClientConnectionId:9cbe795c-3a11-4ce2-b8c1-6ef2227f1ee9
2015-03-03 10:24:40,847 [8] DEBUG EventReminder.Program [(null)] - Debug Hi
2015-03-03 10:24:40,863 [8] INFO  EventReminder.Program [(null)] - Info logging
2015-03-03 10:24:43,973 [8] ERROR EventReminder.Models.Event [(null)] - System.Data.SqlClient.SqlException (0x80131904): Incorrect syntax near '.'.
   at System.Data.SqlClient.SqlConnection.OnError(SqlException exception, Boolean breakConnection, Action`1 wrapCloseInAction)
   at System.Data.SqlClient.SqlInternalConnection.OnError(SqlException exception, Boolean breakConnection, Action`1 wrapCloseInAction)
   at System.Data.SqlClient.TdsParser.ThrowExceptionAndWarning(TdsParserStateObject stateObj, Boolean callerHasConnectionLock, Boolean asyncClose)
   at System.Data.SqlClient.TdsParser.TryRun(RunBehavior runBehavior, SqlCommand cmdHandler, SqlDataReader dataStream, BulkCopySimpleResultSet bulkCopyHandler, TdsParserStateObject stateObj, Boolean& dataReady)
   at System.Data.SqlClient.SqlDataReader.TryConsumeMetaData()
   at System.Data.SqlClient.SqlDataReader.get_MetaData()
   at System.Data.SqlClient.SqlCommand.FinishExecuteReader(SqlDataReader ds, RunBehavior runBehavior, String resetOptionsString)
   at System.Data.SqlClient.SqlCommand.RunExecuteReaderTds(CommandBehavior cmdBehavior, RunBehavior runBehavior, Boolean returnStream, Boolean async, Int32 timeout, Task& task, Boolean asyncWrite, SqlDataReader ds)
   at System.Data.SqlClient.SqlCommand.RunExecuteReader(CommandBehavior cmdBehavior, RunBehavior runBehavior, Boolean returnStream, String method, TaskCompletionSource`1 completion, Int32 timeout, Task& task, Boolean asyncWrite)
   at System.Data.SqlClient.SqlCommand.RunExecuteReader(CommandBehavior cmdBehavior, RunBehavior runBehavior, Boolean returnStream, String method)
   at System.Data.SqlClient.SqlCommand.ExecuteReader(CommandBehavior behavior, String method)
   at System.Data.SqlClient.SqlCommand.ExecuteReader()
   at EventReminder.Models.Event.EventsReadyForReminder(String connStr) in c:\projects\crossroads\EventReminder\EventReminder\Models\Event.cs:line 31
ClientConnectionId:8bcdca30-fc34-4790-a469-20d943899082
2015-03-03 10:25:06,285 [9] DEBUG EventReminder.Program [(null)] - Debug Hi
2015-03-03 10:25:06,300 [9] INFO  EventReminder.Program [(null)] - Info logging
2015-03-03 10:27:02,483 [8] DEBUG EventReminder.Program [(null)] - Debug Hi
2015-03-03 10:27:02,499 [8] INFO  EventReminder.Program [(null)] - Info logging
2015-03-03 10:31:41,765 [8] DEBUG EventReminder.Program [(null)] - Debug Hi
2015-03-03 10:31:41,797 [8] INFO  EventReminder.Program [(null)] - Info logging
2015-03-03 10:35:36,051 [8] DEBUG EventReminder.Program [(null)] - Debug Hi
2015-03-03 10:35:36,082 [8] INFO  EventReminder.Program [(null)] - Info logging
2015-03-03 10:39:12,054 [8] INFO  EventReminder.Program [(null)] - Info logging
